{
  "uid" : "56b4e01394892d0c",
  "name" : "test_registration",
  "fullName" : "tests.registration_test#test_registration",
  "historyId" : "8420ee75195133cd3ddcd0b36d7aa668",
  "time" : {
    "start" : 1629022635697,
    "stop" : 1629022644142,
    "duration" : 8445
  },
  "status" : "failed",
  "statusMessage" : "AssertionError: assert 'reguser1@example.com' == 'RegUser1'\n  - RegUser1\n  + reguser1@example.com",
  "statusTrace" : "def test_registration():\n    \n        test_data_registration = [\"RegUser1\", \"reguser1@example.com\", \"Abcd123$\"]\n    \n        sign_up = driver.find_element_by_xpath(\"//a[@href='#/register']\")\n        time.sleep(1)\n        sign_up.click()\n    \n        username = driver.find_element_by_xpath(\"//input[@placeholder='Username']\")\n        email = driver.find_element_by_xpath(\"//input[@placeholder='Email']\")\n        password = driver.find_element_by_xpath(\"//input[@placeholder='Password']\")\n    \n        username.send_keys(test_data_registration[0])\n        email.send_keys(test_data_registration[1])\n        password.send_keys(test_data_registration[2])\n    \n        bt_signup = driver.find_element_by_xpath(\"//button[normalize-space()='Sign up']\")\n        bt_signup.click()\n        time.sleep(4)\n    \n        reg_success = driver.find_element_by_xpath(\"//div[@class='swal-text']\")\n        assert reg_success.text == \"Your registration was successful!\"\n    \n        bt_ok = driver.find_element_by_xpath(\"//button[normalize-space()='OK']\")\n        bt_ok.click()\n        time.sleep(3)\n    \n        def user_check():\n            assert test_data_registration[1] == driver.find_element_by_xpath(\"//div[@id='app']/nav/div/ul/li[4]/a\").text\n    \n>       user_check()\n\ntests/registration_test.py:44: \n_ _ _ _ _ _ _ _ _ _ _ _ _ _ _ _ _ _ _ _ _ _ _ _ _ _ _ _ _ _ _ _ _ _ _ _ _ _ _ _ \n\n    def user_check():\n>       assert test_data_registration[1] == driver.find_element_by_xpath(\"//div[@id='app']/nav/div/ul/li[4]/a\").text\nE       AssertionError: assert 'reguser1@example.com' == 'RegUser1'\nE         - RegUser1\nE         + reguser1@example.com\n\ntests/registration_test.py:42: AssertionError",
  "flaky" : false,
  "newFailed" : false,
  "beforeStages" : [ ],
  "afterStages" : [ ],
  "labels" : [ {
    "name" : "parentSuite",
    "value" : "tests"
  }, {
    "name" : "suite",
    "value" : "registration_test"
  }, {
    "name" : "host",
    "value" : "fv-az33-581"
  }, {
    "name" : "thread",
    "value" : "3741-MainThread"
  }, {
    "name" : "framework",
    "value" : "pytest"
  }, {
    "name" : "language",
    "value" : "cpython3"
  }, {
    "name" : "package",
    "value" : "tests.registration_test"
  }, {
    "name" : "resultFormat",
    "value" : "allure2"
  } ],
  "parameters" : [ ],
  "links" : [ ],
  "hidden" : false,
  "retry" : false,
  "extra" : {
    "severity" : "normal",
    "retries" : [ ],
    "categories" : [ {
      "name" : "Product defects",
      "matchedStatuses" : [ ],
      "flaky" : false
    } ],
    "history" : {
      "statistic" : {
        "failed" : 1,
        "broken" : 1,
        "skipped" : 0,
        "passed" : 0,
        "unknown" : 0,
        "total" : 2
      },
      "items" : [ {
        "uid" : "50540a3da96cae4e",
        "reportUrl" : "https://gofreeka.github.io/conduit/93//#testresult/50540a3da96cae4e",
        "status" : "broken",
        "statusDetails" : "selenium.common.exceptions.NoSuchElementException: Message: no such element: Unable to locate element: {\"method\":\"xpath\",\"selector\":\"//a[contains(@href,'reguser1@example.com')]\"}\n  (Session info: headless chrome=92.0.4515.131)",
        "time" : {
          "start" : 1629022012175,
          "stop" : 1629022021209,
          "duration" : 9034
        }
      } ]
    },
    "tags" : [ ]
  },
  "source" : "56b4e01394892d0c.json",
  "parameterValues" : [ ]
}