{
  "uid" : "c470aa2b71d47cf4",
  "name" : "test_log_out",
  "fullName" : "tests.test_003#test_log_out",
  "historyId" : "98ddda658e9a0d0e790d797dddb137b8",
  "time" : {
    "start" : 1628792917292,
    "stop" : 1628792917311,
    "duration" : 19
  },
  "status" : "failed",
  "statusMessage" : "AssertionError: assert 'testuser1' == None\n +  where None = <bound method WebElement.get_attribute of <selenium.webdriver.remote.webelement.WebElement (session=\"448a6acee6ca55ccce96d03b898b09eb\", element=\"6f46c14b-333b-4434-bec1-9f16f509d94b\")>>('value')\n +    where <bound method WebElement.get_attribute of <selenium.webdriver.remote.webelement.WebElement (session=\"448a6acee6ca55ccce96d03b898b09eb\", element=\"6f46c14b-333b-4434-bec1-9f16f509d94b\")>> = <selenium.webdriver.remote.webelement.WebElement (session=\"448a6acee6ca55ccce96d03b898b09eb\", element=\"6f46c14b-333b-4434-bec1-9f16f509d94b\")>.get_attribute",
  "statusTrace" : "def test_log_out():\n        username = driver.find_element_by_xpath(\"//div/nav/div/ul/li[4]/a\")\n>       assert \"testuser1\" == username.get_attribute(\"value\")\nE       assert 'testuser1' == None\nE        +  where None = <bound method WebElement.get_attribute of <selenium.webdriver.remote.webelement.WebElement (session=\"448a6acee6ca55ccce96d03b898b09eb\", element=\"6f46c14b-333b-4434-bec1-9f16f509d94b\")>>('value')\nE        +    where <bound method WebElement.get_attribute of <selenium.webdriver.remote.webelement.WebElement (session=\"448a6acee6ca55ccce96d03b898b09eb\", element=\"6f46c14b-333b-4434-bec1-9f16f509d94b\")>> = <selenium.webdriver.remote.webelement.WebElement (session=\"448a6acee6ca55ccce96d03b898b09eb\", element=\"6f46c14b-333b-4434-bec1-9f16f509d94b\")>.get_attribute\n\ntests/test_003.py:49: AssertionError",
  "flaky" : false,
  "newFailed" : false,
  "beforeStages" : [ ],
  "afterStages" : [ ],
  "labels" : [ {
    "name" : "parentSuite",
    "value" : "tests"
  }, {
    "name" : "suite",
    "value" : "test_003"
  }, {
    "name" : "host",
    "value" : "fv-az83-198"
  }, {
    "name" : "thread",
    "value" : "3703-MainThread"
  }, {
    "name" : "framework",
    "value" : "pytest"
  }, {
    "name" : "language",
    "value" : "cpython3"
  }, {
    "name" : "package",
    "value" : "tests.test_003"
  }, {
    "name" : "resultFormat",
    "value" : "allure2"
  } ],
  "parameters" : [ ],
  "links" : [ ],
  "hidden" : false,
  "retry" : false,
  "extra" : {
    "severity" : "normal",
    "retries" : [ ],
    "categories" : [ {
      "name" : "Product defects",
      "matchedStatuses" : [ ],
      "flaky" : false
    } ],
    "history" : {
      "statistic" : {
        "failed" : 1,
        "broken" : 3,
        "skipped" : 0,
        "passed" : 0,
        "unknown" : 0,
        "total" : 4
      },
      "items" : [ {
        "uid" : "f95380b00ceb1046",
        "reportUrl" : "https://gofreeka.github.io/conduit/49//#testresult/f95380b00ceb1046",
        "status" : "broken",
        "statusDetails" : "selenium.common.exceptions.NoSuchElementException: Message: no such element: Unable to locate element: {\"method\":\"xpath\",\"selector\":\"//*[@id=\"app\"]/nav/div/ul/li[5]/a\"}\n  (Session info: headless chrome=92.0.4515.131)",
        "time" : {
          "start" : 1628792094903,
          "stop" : 1628792094920,
          "duration" : 17
        }
      }, {
        "uid" : "ba6d138e2bd51140",
        "reportUrl" : "https://gofreeka.github.io/conduit/48//#testresult/ba6d138e2bd51140",
        "status" : "broken",
        "statusDetails" : "selenium.common.exceptions.NoSuchElementException: Message: no such element: Unable to locate element: {\"method\":\"xpath\",\"selector\":\"//div/nav/div/ul/li[4]/a\"}\n  (Session info: headless chrome=92.0.4515.131)",
        "time" : {
          "start" : 1628790666299,
          "stop" : 1628790666312,
          "duration" : 13
        }
      }, {
        "uid" : "32175464dcc295",
        "reportUrl" : "https://gofreeka.github.io/conduit/47//#testresult/32175464dcc295",
        "status" : "broken",
        "statusDetails" : "selenium.common.exceptions.NoSuchElementException: Message: no such element: Unable to locate element: {\"method\":\"xpath\",\"selector\":\"//div/nav/div/ul/li[4]/a\"}\n  (Session info: headless chrome=92.0.4515.131)",
        "time" : {
          "start" : 1628790297457,
          "stop" : 1628790297472,
          "duration" : 15
        }
      } ]
    },
    "tags" : [ ]
  },
  "source" : "c470aa2b71d47cf4.json",
  "parameterValues" : [ ]
}